<?xml version="1.0" encoding="UTF-8"?>
<testsuite name="TestSuite" time="605.627" tests="3" errors="0" skipped="2" failures="1">
  <properties>
[...]
</properties>
  <testcase name="setUp" classname="com.inetBanking.testCases.TC_AddCustomerTest_003" time="605.627">
    <failure message="session not created&#10;from timeout: Timed out receiving message from renderer: 600.000&#10;  (Session info: chrome=97.0.4692.71)&#10;Build info: version: &apos;3.141.59&apos;, revision: &apos;e82be7d358&apos;, time: &apos;2018-11-14T08:17:03&apos;&#10;System info: host: &apos;SHOBHITBHARTI&apos;, ip: &apos;192.168.1.6&apos;, os.name: &apos;Windows 11&apos;, os.arch: &apos;amd64&apos;, os.version: &apos;10.0&apos;, java.version: &apos;11.0.14&apos;&#10;Driver info: driver.version: ChromeDriver&#10;remote stacktrace: Backtrace:&#10;	Ordinal0 [0x00DEFDC3+2555331]&#10;	Ordinal0 [0x00D877F1+2127857]&#10;	Ordinal0 [0x00C82E08+1060360]&#10;	Ordinal0 [0x00C753A8+1004456]&#10;	Ordinal0 [0x00C743FA+1000442]&#10;	Ordinal0 [0x00C746B6+1001142]&#10;	Ordinal0 [0x00C73F95+999317]&#10;	Ordinal0 [0x00C7EEA4+1044132]&#10;	Ordinal0 [0x00C73F45+999237]&#10;	Ordinal0 [0x00C74E85+1003141]&#10;	Ordinal0 [0x00C743FA+1000442]&#10;	Ordinal0 [0x00C746B6+1001142]&#10;	Ordinal0 [0x00C73F95+999317]&#10;	Ordinal0 [0x00C7CEA3+1035939]&#10;	Ordinal0 [0x00C73F45+999237]&#10;	Ordinal0 [0x00C74E85+1003141]&#10;	Ordinal0 [0x00C743FA+1000442]&#10;	Ordinal0 [0x00C746B6+1001142]&#10;	Ordinal0 [0x00C73F95+999317]&#10;	Ordinal0 [0x00C7ACA9+1027241]&#10;	Ordinal0 [0x00C73F45+999237]&#10;	Ordinal0 [0x00C74E85+1003141]&#10;	Ordinal0 [0x00C743FA+1000442]&#10;	Ordinal0 [0x00C746B6+1001142]&#10;	Ordinal0 [0x00C73F95+999317]&#10;	Ordinal0 [0x00C7A02C+1024044]&#10;	Ordinal0 [0x00C73F45+999237]&#10;	Ordinal0 [0x00C74E85+1003141]&#10;	Ordinal0 [0x00C743FA+1000442]&#10;	Ordinal0 [0x00C746B6+1001142]&#10;	Ordinal0 [0x00C73F95+999317]&#10;	Ordinal0 [0x00C6FA8D+981645]&#10;	Ordinal0 [0x00C73F45+999237]&#10;	Ordinal0 [0x00C73CD0+998608]&#10;	Ordinal0 [0x00C73A19+997913]&#10;	Ordinal0 [0x00C84040+1065024]&#10;	Ordinal0 [0x00CCD27B+1364603]&#10;	Ordinal0 [0x00CCBE9A+1359514]&#10;	Ordinal0 [0x00CC7976+1341814]&#10;	Ordinal0 [0x00CA36B6+1193654]&#10;	Ordinal0 [0x00CA4546+1197382]&#10;	GetHandleVerifier [0x00F89622+1619522]&#10;	GetHandleVerifier [0x0103882C+2336844]&#10;	GetHandleVerifier [0x00E823E1+541697]&#10;	GetHandleVerifier [0x00E81443+537699]&#10;	Ordinal0 [0x00D8D18E+2150798]&#10;	Ordinal0 [0x00D91518+2168088]&#10;	Ordinal0 [0x00D91660+2168416]&#10;	Ordinal0 [0x00D9B330+2208560]&#10;	BaseThreadInitThunk [0x765C6739+25]&#10;	RtlGetFullPathName_UEx [0x76F68AFF+1215]&#10;	RtlGetFullPathName_UEx [0x76F68ACD+1165]&#10;" type="org.openqa.selenium.SessionNotCreatedException"><![CDATA[org.openqa.selenium.SessionNotCreatedException: session not created
from timeout: Timed out receiving message from renderer: 600.000
  (Session info: chrome=97.0.4692.71)
Build info: version: '3.141.59', revision: 'e82be7d358', time: '2018-11-14T08:17:03'
System info: host: 'SHOBHITBHARTI', ip: '192.168.1.6', os.name: 'Windows 11', os.arch: 'amd64', os.version: '10.0', java.version: '11.0.14'
Driver info: driver.version: ChromeDriver
remote stacktrace: Backtrace:
	Ordinal0 [0x00DEFDC3+2555331]
	Ordinal0 [0x00D877F1+2127857]
	Ordinal0 [0x00C82E08+1060360]
	Ordinal0 [0x00C753A8+1004456]
	Ordinal0 [0x00C743FA+1000442]
	Ordinal0 [0x00C746B6+1001142]
	Ordinal0 [0x00C73F95+999317]
	Ordinal0 [0x00C7EEA4+1044132]
	Ordinal0 [0x00C73F45+999237]
	Ordinal0 [0x00C74E85+1003141]
	Ordinal0 [0x00C743FA+1000442]
	Ordinal0 [0x00C746B6+1001142]
	Ordinal0 [0x00C73F95+999317]
	Ordinal0 [0x00C7CEA3+1035939]
	Ordinal0 [0x00C73F45+999237]
	Ordinal0 [0x00C74E85+1003141]
	Ordinal0 [0x00C743FA+1000442]
	Ordinal0 [0x00C746B6+1001142]
	Ordinal0 [0x00C73F95+999317]
	Ordinal0 [0x00C7ACA9+1027241]
	Ordinal0 [0x00C73F45+999237]
	Ordinal0 [0x00C74E85+1003141]
	Ordinal0 [0x00C743FA+1000442]
	Ordinal0 [0x00C746B6+1001142]
	Ordinal0 [0x00C73F95+999317]
	Ordinal0 [0x00C7A02C+1024044]
	Ordinal0 [0x00C73F45+999237]
	Ordinal0 [0x00C74E85+1003141]
	Ordinal0 [0x00C743FA+1000442]
	Ordinal0 [0x00C746B6+1001142]
	Ordinal0 [0x00C73F95+999317]
	Ordinal0 [0x00C6FA8D+981645]
	Ordinal0 [0x00C73F45+999237]
	Ordinal0 [0x00C73CD0+998608]
	Ordinal0 [0x00C73A19+997913]
	Ordinal0 [0x00C84040+1065024]
	Ordinal0 [0x00CCD27B+1364603]
	Ordinal0 [0x00CCBE9A+1359514]
	Ordinal0 [0x00CC7976+1341814]
	Ordinal0 [0x00CA36B6+1193654]
	Ordinal0 [0x00CA4546+1197382]
	GetHandleVerifier [0x00F89622+1619522]
	GetHandleVerifier [0x0103882C+2336844]
	GetHandleVerifier [0x00E823E1+541697]
	GetHandleVerifier [0x00E81443+537699]
	Ordinal0 [0x00D8D18E+2150798]
	Ordinal0 [0x00D91518+2168088]
	Ordinal0 [0x00D91660+2168416]
	Ordinal0 [0x00D9B330+2208560]
	BaseThreadInitThunk [0x765C6739+25]
	RtlGetFullPathName_UEx [0x76F68AFF+1215]
	RtlGetFullPathName_UEx [0x76F68ACD+1165]

	at java.base/jdk.internal.reflect.NativeConstructorAccessorImpl.newInstance0(Native Method)
	at java.base/jdk.internal.reflect.NativeConstructorAccessorImpl.newInstance(NativeConstructorAccessorImpl.java:62)
	at java.base/jdk.internal.reflect.DelegatingConstructorAccessorImpl.newInstance(DelegatingConstructorAccessorImpl.java:45)
	at java.base/java.lang.reflect.Constructor.newInstance(Constructor.java:490)
	at org.openqa.selenium.remote.W3CHandshakeResponse.lambda$errorHandler$0(W3CHandshakeResponse.java:62)
	at org.openqa.selenium.remote.HandshakeResponse.lambda$getResponseFunction$0(HandshakeResponse.java:30)
	at org.openqa.selenium.remote.ProtocolHandshake.lambda$createSession$0(ProtocolHandshake.java:126)
	at java.base/java.util.stream.ReferencePipeline$3$1.accept(ReferencePipeline.java:195)
	at java.base/java.util.Spliterators$ArraySpliterator.tryAdvance(Spliterators.java:958)
	at java.base/java.util.stream.ReferencePipeline.forEachWithCancel(ReferencePipeline.java:127)
	at java.base/java.util.stream.AbstractPipeline.copyIntoWithCancel(AbstractPipeline.java:502)
	at java.base/java.util.stream.AbstractPipeline.copyInto(AbstractPipeline.java:488)
	at java.base/java.util.stream.AbstractPipeline.wrapAndCopyInto(AbstractPipeline.java:474)
	at java.base/java.util.stream.FindOps$FindOp.evaluateSequential(FindOps.java:150)
	at java.base/java.util.stream.AbstractPipeline.evaluate(AbstractPipeline.java:234)
	at java.base/java.util.stream.ReferencePipeline.findFirst(ReferencePipeline.java:543)
	at org.openqa.selenium.remote.ProtocolHandshake.createSession(ProtocolHandshake.java:128)
	at org.openqa.selenium.remote.ProtocolHandshake.createSession(ProtocolHandshake.java:74)
	at org.openqa.selenium.remote.HttpCommandExecutor.execute(HttpCommandExecutor.java:136)
	at org.openqa.selenium.remote.service.DriverCommandExecutor.execute(DriverCommandExecutor.java:83)
	at org.openqa.selenium.remote.RemoteWebDriver.execute(RemoteWebDriver.java:552)
	at org.openqa.selenium.remote.RemoteWebDriver.startSession(RemoteWebDriver.java:213)
	at org.openqa.selenium.remote.RemoteWebDriver.<init>(RemoteWebDriver.java:131)
	at org.openqa.selenium.chrome.ChromeDriver.<init>(ChromeDriver.java:181)
	at org.openqa.selenium.chrome.ChromeDriver.<init>(ChromeDriver.java:168)
	at org.openqa.selenium.chrome.ChromeDriver.<init>(ChromeDriver.java:123)
	at com.inetBanking.testCases.BaseClass.setUp(BaseClass.java:47)
	at java.base/jdk.internal.reflect.NativeMethodAccessorImpl.invoke0(Native Method)
	at java.base/jdk.internal.reflect.NativeMethodAccessorImpl.invoke(NativeMethodAccessorImpl.java:62)
	at java.base/jdk.internal.reflect.DelegatingMethodAccessorImpl.invoke(DelegatingMethodAccessorImpl.java:43)
	at java.base/java.lang.reflect.Method.invoke(Method.java:566)
	at org.testng.internal.MethodInvocationHelper.invokeMethod(MethodInvocationHelper.java:133)
	at org.testng.internal.MethodInvocationHelper.invokeMethodConsideringTimeout(MethodInvocationHelper.java:62)
	at org.testng.internal.ConfigInvoker.invokeConfigurationMethod(ConfigInvoker.java:385)
	at org.testng.internal.ConfigInvoker.invokeConfigurations(ConfigInvoker.java:321)
	at org.testng.internal.TestMethodWorker.invokeBeforeClassMethods(TestMethodWorker.java:176)
	at org.testng.internal.TestMethodWorker.run(TestMethodWorker.java:122)
	at java.base/java.util.ArrayList.forEach(ArrayList.java:1541)
	at org.testng.TestRunner.privateRun(TestRunner.java:794)
	at org.testng.TestRunner.run(TestRunner.java:596)
	at org.testng.SuiteRunner.runTest(SuiteRunner.java:377)
	at org.testng.SuiteRunner.runSequentially(SuiteRunner.java:371)
	at org.testng.SuiteRunner.privateRun(SuiteRunner.java:332)
	at org.testng.SuiteRunner.run(SuiteRunner.java:276)
	at org.testng.SuiteRunnerWorker.runSuite(SuiteRunnerWorker.java:53)
	at org.testng.SuiteRunnerWorker.run(SuiteRunnerWorker.java:96)
	at org.testng.TestNG.runSuitesSequentially(TestNG.java:1212)
	at org.testng.TestNG.runSuitesLocally(TestNG.java:1134)
	at org.testng.TestNG.runSuites(TestNG.java:1063)
	at org.testng.TestNG.run(TestNG.java:1031)
	at org.apache.maven.surefire.testng.TestNGExecutor.run(TestNGExecutor.java:295)
	at org.apache.maven.surefire.testng.TestNGXmlTestSuite.execute(TestNGXmlTestSuite.java:84)
	at org.apache.maven.surefire.testng.TestNGProvider.invoke(TestNGProvider.java:90)
	at org.apache.maven.surefire.booter.ForkedBooter.invokeProviderInSameClassLoader(ForkedBooter.java:203)
	at org.apache.maven.surefire.booter.ForkedBooter.runSuitesInProcess(ForkedBooter.java:155)
	at org.apache.maven.surefire.booter.ForkedBooter.main(ForkedBooter.java:103)
]]></failure>
    <system-err><![CDATA[Starting ChromeDriver 97.0.4692.71 (adefa7837d02a07a604c1e6eff0b3a09422ab88d-refs/branch-heads/4692@{#1247}) on port 33488
Only local connections are allowed.
Please see https://chromedriver.chromium.org/security-considerations for suggestions on keeping ChromeDriver safe.
ChromeDriver was started successfully.
[1642961828.380][SEVERE]: Timed out receiving message from renderer: 600.000
]]></system-err>
  </testcase>
  <testcase name="addNewCustomer" classname="com.inetBanking.testCases.TC_AddCustomerTest_003" time="0">
    <skipped/>
  </testcase>
  <testcase name="tearDown" classname="com.inetBanking.testCases.TC_AddCustomerTest_003" time="0">
    <skipped/>
  </testcase>
</testsuite>