<?xml version="1.0" encoding="UTF-8"?>
<testng-results ignored="0" total="1" passed="1" failed="0" skipped="0">
  <reporter-output>
  </reporter-output>
  <suite started-at="2022-01-21T15:35:55 IST" name="InetBankingV1" finished-at="2022-01-21T15:36:31 IST" duration-ms="36387">
    <groups>
    </groups>
    <test started-at="2022-01-21T15:35:55 IST" name="BankingApp Test" finished-at="2022-01-21T15:36:31 IST" duration-ms="36387">
      <class name="com.inetBanking.testCases.TC_AddCustomerTest_003">
        <test-method is-config="true" signature="setUp(java.lang.String)[pri:0, instance:com.inetBanking.testCases.TC_AddCustomerTest_003@2ed2d9cb]" started-at="2022-01-21T15:35:55 IST" name="setUp" finished-at="2022-01-21T15:36:08 IST" duration-ms="12430" status="PASS">
          <params>
            <param index="0">
              <value>
                <![CDATA[chrome]]>
              </value>
            </param>
          </params>
          <reporter-output>
          </reporter-output>
        </test-method> <!-- setUp -->
        <test-method signature="addNewCustomer()[pri:0, instance:com.inetBanking.testCases.TC_AddCustomerTest_003@2ed2d9cb]" started-at="2022-01-21T15:36:08 IST" name="addNewCustomer" finished-at="2022-01-21T15:36:30 IST" duration-ms="22520" status="PASS">
          <reporter-output>
          </reporter-output>
        </test-method> <!-- addNewCustomer -->
        <test-method is-config="true" signature="tearDown()[pri:0, instance:com.inetBanking.testCases.TC_AddCustomerTest_003@2ed2d9cb]" started-at="2022-01-21T15:36:31 IST" name="tearDown" finished-at="2022-01-21T15:36:31 IST" duration-ms="955" status="PASS">
          <reporter-output>
          </reporter-output>
        </test-method> <!-- tearDown -->
      </class> <!-- com.inetBanking.testCases.TC_AddCustomerTest_003 -->
    </test> <!-- BankingApp Test -->
  </suite> <!-- InetBankingV1 -->
</testng-results>
